ClapTFM/Library/Bee/Android/Prj/Mono2x/Gradle/unityLibrary/build/intermediates/manifest_merge_blame_file/release/manifest-merger-blame-release-report.txt
1<?xml version="1.0" encoding="utf-8"?>
2<manifest xmlns:android="http://schemas.android.com/apk/res/android"
3    xmlns:tools="http://schemas.android.com/tools"
4    package="com.unity3d.player"
5    android:installLocation="auto"
6    android:versionCode="1"
7    android:versionName="0.1" >
8
9    <uses-sdk
10        android:minSdkVersion="23"
10-->src\main\AndroidManifest.xml
11        android:targetSdkVersion="30" />
11-->src\main\AndroidManifest.xml
12
13    <uses-feature android:glEsVersion="0x00030000" />
13-->src\main\AndroidManifest.xml:26:3-52
13-->src\main\AndroidManifest.xml:26:17-49
14    <uses-feature
14-->src\main\AndroidManifest.xml:27:3-91
15        android:name="android.hardware.vulkan.version"
15-->src\main\AndroidManifest.xml:27:17-63
16        android:required="false" />
16-->src\main\AndroidManifest.xml:27:64-88
17
18    <uses-permission android:name="android.permission.INTERNET" />
18-->src\main\AndroidManifest.xml:28:3-65
18-->src\main\AndroidManifest.xml:28:20-62
19    <uses-permission android:name="android.permission.ACCESS_NETWORK_STATE" />
19-->src\main\AndroidManifest.xml:29:3-77
19-->src\main\AndroidManifest.xml:29:20-74
20    <uses-permission android:name="android.permission.RECORD_AUDIO" />
20-->src\main\AndroidManifest.xml:30:3-69
20-->src\main\AndroidManifest.xml:30:20-66
21    <uses-permission android:name="android.permission.MODIFY_AUDIO_SETTINGS" />
21-->src\main\AndroidManifest.xml:31:3-78
21-->src\main\AndroidManifest.xml:31:20-75
22
23    <uses-feature
23-->src\main\AndroidManifest.xml:32:3-87
24        android:name="android.hardware.microphone"
24-->src\main\AndroidManifest.xml:32:17-59
25        android:required="false" />
25-->src\main\AndroidManifest.xml:32:60-84
26    <uses-feature
26-->src\main\AndroidManifest.xml:33:3-88
27        android:name="android.hardware.touchscreen"
27-->src\main\AndroidManifest.xml:33:17-60
28        android:required="false" />
28-->src\main\AndroidManifest.xml:33:61-85
29    <uses-feature
29-->src\main\AndroidManifest.xml:34:3-99
30        android:name="android.hardware.touchscreen.multitouch"
30-->src\main\AndroidManifest.xml:34:17-71
31        android:required="false" />
31-->src\main\AndroidManifest.xml:34:72-96
32    <uses-feature
32-->src\main\AndroidManifest.xml:35:3-108
33        android:name="android.hardware.touchscreen.multitouch.distinct"
33-->src\main\AndroidManifest.xml:35:17-80
34        android:required="false" />
34-->src\main\AndroidManifest.xml:35:81-105
35    <uses-feature
35-->src\main\AndroidManifest.xml:36:3-111
36        android:name="android.hardware.vr.headtracking"
36-->src\main\AndroidManifest.xml:36:17-64
37        android:required="true"
37-->src\main\AndroidManifest.xml:36:85-108
38        android:version="1" />
38-->src\main\AndroidManifest.xml:36:65-84
39    <uses-feature
39-->src\main\AndroidManifest.xml:37:3-87
40        android:name="oculus.software.handtracking"
40-->src\main\AndroidManifest.xml:37:17-60
41        android:required="true" />
41-->src\main\AndroidManifest.xml:37:61-84
42
43    <uses-permission android:name="com.oculus.permission.HAND_TRACKING" />
43-->src\main\AndroidManifest.xml:38:3-73
43-->src\main\AndroidManifest.xml:38:20-70
44
45    <uses-feature
45-->src\main\AndroidManifest.xml:39:3-92
46        android:name="oculus.software.overlay_keyboard"
46-->src\main\AndroidManifest.xml:39:17-64
47        android:required="false" />
47-->src\main\AndroidManifest.xml:39:65-89
48
49    <application
49-->src\main\AndroidManifest.xml:3:3-25:17
50        android:allowBackup="false"
50-->src\main\AndroidManifest.xml:3:114-141
51        android:extractNativeLibs="true"
51-->src\main\AndroidManifest.xml:3:16-48
52        android:icon="@mipmap/app_icon"
52-->src\main\AndroidManifest.xml:3:82-113
53        android:label="@string/app_name"
53-->src\main\AndroidManifest.xml:3:49-81
54        android:networkSecurityConfig="@xml/network_sec_config" >
54-->src\main\AndroidManifest.xml:3:142-197
55        <activity
55-->src\main\AndroidManifest.xml:4:5-13:16
56            android:name="com.unity3d.player.UnityPlayerActivity"
56-->src\main\AndroidManifest.xml:4:15-68
57            android:configChanges="keyboard|keyboardHidden|navigation|orientation|screenLayout|screenSize|uiMode"
57-->src\main\AndroidManifest.xml:4:204-305
58            android:hardwareAccelerated="false"
58-->src\main\AndroidManifest.xml:4:341-376
59            android:launchMode="singleTask"
59-->src\main\AndroidManifest.xml:4:172-203
60            android:resizeableActivity="false"
60-->src\main\AndroidManifest.xml:4:306-340
61            android:screenOrientation="landscape"
61-->src\main\AndroidManifest.xml:4:134-171
62            android:theme="@android:style/Theme.Black.NoTitleBar.Fullscreen" >
62-->src\main\AndroidManifest.xml:4:69-133
63            <intent-filter>
63-->src\main\AndroidManifest.xml:5:7-9:23
64                <action android:name="android.intent.action.MAIN" />
64-->src\main\AndroidManifest.xml:6:9-61
64-->src\main\AndroidManifest.xml:6:17-58
65
66                <category android:name="android.intent.category.LAUNCHER" />
66-->src\main\AndroidManifest.xml:7:9-69
66-->src\main\AndroidManifest.xml:7:19-66
67                <category android:name="com.oculus.intent.category.VR" />
67-->src\main\AndroidManifest.xml:8:9-66
67-->src\main\AndroidManifest.xml:8:19-63
68            </intent-filter>
69
70            <meta-data
70-->src\main\AndroidManifest.xml:10:7-82
71                android:name="unityplayer.UnityActivity"
71-->src\main\AndroidManifest.xml:10:18-58
72                android:value="true" />
72-->src\main\AndroidManifest.xml:10:59-79
73            <meta-data
73-->src\main\AndroidManifest.xml:11:7-78
74                android:name="android.notch_support"
74-->src\main\AndroidManifest.xml:11:18-54
75                android:value="true" />
75-->src\main\AndroidManifest.xml:11:55-75
76            <meta-data
76-->src\main\AndroidManifest.xml:12:7-81
77                android:name="com.oculus.vr.focusaware"
77-->src\main\AndroidManifest.xml:12:18-57
78                android:value="true" />
78-->src\main\AndroidManifest.xml:12:58-78
79        </activity>
80
81        <meta-data
81-->src\main\AndroidManifest.xml:14:5-69
82            android:name="unity.splash-mode"
82-->src\main\AndroidManifest.xml:14:16-48
83            android:value="0" />
83-->src\main\AndroidManifest.xml:14:49-66
84        <meta-data
84-->src\main\AndroidManifest.xml:15:5-74
85            android:name="unity.splash-enable"
85-->src\main\AndroidManifest.xml:15:16-50
86            android:value="True" />
86-->src\main\AndroidManifest.xml:15:51-71
87        <meta-data
87-->src\main\AndroidManifest.xml:16:5-78
88            android:name="unity.launch-fullscreen"
88-->src\main\AndroidManifest.xml:16:16-54
89            android:value="True" />
89-->src\main\AndroidManifest.xml:16:55-75
90        <meta-data
90-->src\main\AndroidManifest.xml:17:5-84
91            android:name="unity.allow-resizable-window"
91-->src\main\AndroidManifest.xml:17:16-59
92            android:value="False" />
92-->src\main\AndroidManifest.xml:17:60-81
93        <meta-data
93-->src\main\AndroidManifest.xml:18:5-81
94            android:name="notch.config"
94-->src\main\AndroidManifest.xml:18:16-43
95            android:value="portrait|landscape" />
95-->src\main\AndroidManifest.xml:18:44-78
96        <meta-data
96-->src\main\AndroidManifest.xml:19:5-87
97            android:name="com.oculus.handtracking.frequency"
97-->src\main\AndroidManifest.xml:19:16-64
98            android:value="LOW" />
98-->src\main\AndroidManifest.xml:19:65-84
99        <meta-data
99-->src\main\AndroidManifest.xml:20:5-97
100            android:name="com.samsung.android.vr.application.mode"
100-->src\main\AndroidManifest.xml:20:16-70
101            android:value="vr_only" />
101-->src\main\AndroidManifest.xml:20:71-94
102        <meta-data
102-->src\main\AndroidManifest.xml:21:5-91
103            android:name="com.unity.xr.oculus.LowOverheadMode"
103-->src\main\AndroidManifest.xml:21:16-66
104            android:value="false" />
104-->src\main\AndroidManifest.xml:21:67-88
105        <meta-data
105-->src\main\AndroidManifest.xml:22:5-88
106            android:name="com.unity.xr.oculus.LateLatching"
106-->src\main\AndroidManifest.xml:22:16-63
107            android:value="false" />
107-->src\main\AndroidManifest.xml:22:64-85
108        <meta-data
108-->src\main\AndroidManifest.xml:23:5-93
109            android:name="com.unity.xr.oculus.LateLatchingDebug"
109-->src\main\AndroidManifest.xml:23:16-68
110            android:value="false" />
110-->src\main\AndroidManifest.xml:23:69-90
111        <meta-data
111-->src\main\AndroidManifest.xml:24:5-90
112            android:name="com.oculus.supportedDevices"
112-->src\main\AndroidManifest.xml:24:16-58
113            android:value="quest|quest2" />
113-->src\main\AndroidManifest.xml:24:59-87
114    </application>
115
116</manifest>